F:\DOCUMENTS\VISUAL STUDIO 2012\PROJECTS\MFCPIXEL\MFCPIXEL\DEBUG\MYRAYTRACER.PCH
F:\DOCUMENTS\VISUAL STUDIO 2012\PROJECTS\MFCPIXEL\MFCPIXEL\DEBUG\STDAFX.OBJ
F:\DOCUMENTS\VISUAL STUDIO 2012\PROJECTS\MFCPIXEL\MFCPIXEL\DEBUG\VC110.PDB
F:\DOCUMENTS\VISUAL STUDIO 2012\PROJECTS\MFCPIXEL\MFCPIXEL\DEBUG\MAINFRM.OBJ
F:\DOCUMENTS\VISUAL STUDIO 2012\PROJECTS\MFCPIXEL\MFCPIXEL\DEBUG\MATERIAL.OBJ
F:\DOCUMENTS\VISUAL STUDIO 2012\PROJECTS\MFCPIXEL\MFCPIXEL\DEBUG\MATRIX.OBJ
F:\DOCUMENTS\VISUAL STUDIO 2012\PROJECTS\MFCPIXEL\MFCPIXEL\DEBUG\MATTE.OBJ
F:\DOCUMENTS\VISUAL STUDIO 2012\PROJECTS\MFCPIXEL\MFCPIXEL\DEBUG\MFCPIXEL.OBJ
F:\DOCUMENTS\VISUAL STUDIO 2012\PROJECTS\MFCPIXEL\MFCPIXEL\DEBUG\NORMAL.OBJ
F:\DOCUMENTS\VISUAL STUDIO 2012\PROJECTS\MFCPIXEL\MFCPIXEL\DEBUG\PINHOLE.OBJ
F:\DOCUMENTS\VISUAL STUDIO 2012\PROJECTS\MFCPIXEL\MFCPIXEL\DEBUG\PLANE.OBJ
F:\DOCUMENTS\VISUAL STUDIO 2012\PROJECTS\MFCPIXEL\MFCPIXEL\DEBUG\POINT2D.OBJ
F:\DOCUMENTS\VISUAL STUDIO 2012\PROJECTS\MFCPIXEL\MFCPIXEL\DEBUG\POINT3D.OBJ
F:\DOCUMENTS\VISUAL STUDIO 2012\PROJECTS\MFCPIXEL\MFCPIXEL\DEBUG\POINTLIGHT.OBJ
F:\DOCUMENTS\VISUAL STUDIO 2012\PROJECTS\MFCPIXEL\MFCPIXEL\DEBUG\RAY.OBJ
F:\DOCUMENTS\VISUAL STUDIO 2012\PROJECTS\MFCPIXEL\MFCPIXEL\DEBUG\RAYCAST.OBJ
F:\DOCUMENTS\VISUAL STUDIO 2012\PROJECTS\MFCPIXEL\MFCPIXEL\DEBUG\RGBCOLOR.OBJ
F:\DOCUMENTS\VISUAL STUDIO 2012\PROJECTS\MFCPIXEL\MFCPIXEL\DEBUG\SHADEREC.OBJ
F:\DOCUMENTS\VISUAL STUDIO 2012\PROJECTS\MFCPIXEL\MFCPIXEL\DEBUG\SPHERE.OBJ
F:\DOCUMENTS\VISUAL STUDIO 2012\PROJECTS\MFCPIXEL\MFCPIXEL\DEBUG\TRACER.OBJ
F:\DOCUMENTS\VISUAL STUDIO 2012\PROJECTS\MFCPIXEL\MFCPIXEL\DEBUG\VECTOR3D.OBJ
F:\DOCUMENTS\VISUAL STUDIO 2012\PROJECTS\MFCPIXEL\MFCPIXEL\DEBUG\VIEWPLANE.OBJ
F:\DOCUMENTS\VISUAL STUDIO 2012\PROJECTS\MFCPIXEL\MFCPIXEL\DEBUG\WORLD.OBJ
F:\DOCUMENTS\VISUAL STUDIO 2012\PROJECTS\MFCPIXEL\MFCPIXEL\DEBUG\AMBIENT.OBJ
F:\DOCUMENTS\VISUAL STUDIO 2012\PROJECTS\MFCPIXEL\MFCPIXEL\DEBUG\BRDF.OBJ
F:\DOCUMENTS\VISUAL STUDIO 2012\PROJECTS\MFCPIXEL\MFCPIXEL\DEBUG\BUILDSINGLESPHERE.OBJ
F:\DOCUMENTS\VISUAL STUDIO 2012\PROJECTS\MFCPIXEL\MFCPIXEL\DEBUG\CAMERA.OBJ
F:\DOCUMENTS\VISUAL STUDIO 2012\PROJECTS\MFCPIXEL\MFCPIXEL\DEBUG\CHILDVIEW.OBJ
F:\DOCUMENTS\VISUAL STUDIO 2012\PROJECTS\MFCPIXEL\MFCPIXEL\DEBUG\DIRECTIONAL.OBJ
F:\DOCUMENTS\VISUAL STUDIO 2012\PROJECTS\MFCPIXEL\MFCPIXEL\DEBUG\GEOMETRICOBJECT.OBJ
F:\DOCUMENTS\VISUAL STUDIO 2012\PROJECTS\MFCPIXEL\MFCPIXEL\DEBUG\LAMBERTIAN.OBJ
F:\DOCUMENTS\VISUAL STUDIO 2012\PROJECTS\MFCPIXEL\MFCPIXEL\DEBUG\LIGHT.OBJ
F:\DOCUMENTS\VISUAL STUDIO 2012\PROJECTS\MFCPIXEL\DEBUG\MYRAYTRACER.ILK
F:\DOCUMENTS\VISUAL STUDIO 2012\PROJECTS\MFCPIXEL\DEBUG\MYRAYTRACER.EXE
F:\DOCUMENTS\VISUAL STUDIO 2012\PROJECTS\MFCPIXEL\DEBUG\MYRAYTRACER.PDB
F:\DOCUMENTS\VISUAL STUDIO 2012\PROJECTS\MFCPIXEL\MFCPIXEL\DEBUG\MFCPIXEL.RES
F:\documents\visual studio 2012\Projects\MFCPixel\MFCPixel\Debug\Ambient.obj
F:\documents\visual studio 2012\Projects\MFCPixel\MFCPixel\Debug\BRDF.obj
F:\documents\visual studio 2012\Projects\MFCPixel\MFCPixel\Debug\BuildSingleSphere.obj
F:\documents\visual studio 2012\Projects\MFCPixel\MFCPixel\Debug\Camera.obj
F:\documents\visual studio 2012\Projects\MFCPixel\MFCPixel\Debug\ChildView.obj
F:\documents\visual studio 2012\Projects\MFCPixel\MFCPixel\Debug\Directional.obj
F:\documents\visual studio 2012\Projects\MFCPixel\MFCPixel\Debug\GeometricObject.obj
F:\documents\visual studio 2012\Projects\MFCPixel\MFCPixel\Debug\Lambertian.obj
F:\documents\visual studio 2012\Projects\MFCPixel\MFCPixel\Debug\Light.obj
F:\documents\visual studio 2012\Projects\MFCPixel\MFCPixel\Debug\MainFrm.obj
F:\documents\visual studio 2012\Projects\MFCPixel\MFCPixel\Debug\Material.obj
F:\documents\visual studio 2012\Projects\MFCPixel\MFCPixel\Debug\Matrix.obj
F:\documents\visual studio 2012\Projects\MFCPixel\MFCPixel\Debug\Matte.obj
F:\documents\visual studio 2012\Projects\MFCPixel\MFCPixel\Debug\MFCPixel.obj
F:\documents\visual studio 2012\Projects\MFCPixel\MFCPixel\Debug\Normal.obj
F:\documents\visual studio 2012\Projects\MFCPixel\MFCPixel\Debug\Pinhole.obj
F:\documents\visual studio 2012\Projects\MFCPixel\MFCPixel\Debug\Plane.obj
F:\documents\visual studio 2012\Projects\MFCPixel\MFCPixel\Debug\Point2D.obj
F:\documents\visual studio 2012\Projects\MFCPixel\MFCPixel\Debug\Point3D.obj
F:\documents\visual studio 2012\Projects\MFCPixel\MFCPixel\Debug\PointLight.obj
F:\documents\visual studio 2012\Projects\MFCPixel\MFCPixel\Debug\Ray.obj
F:\documents\visual studio 2012\Projects\MFCPixel\MFCPixel\Debug\RayCast.obj
F:\documents\visual studio 2012\Projects\MFCPixel\MFCPixel\Debug\RGBColor.obj
F:\documents\visual studio 2012\Projects\MFCPixel\MFCPixel\Debug\ShadeRec.obj
F:\documents\visual studio 2012\Projects\MFCPixel\MFCPixel\Debug\Sphere.obj
F:\documents\visual studio 2012\Projects\MFCPixel\MFCPixel\Debug\stdafx.obj
F:\documents\visual studio 2012\Projects\MFCPixel\MFCPixel\Debug\Tracer.obj
F:\documents\visual studio 2012\Projects\MFCPixel\MFCPixel\Debug\Vector3D.obj
F:\documents\visual studio 2012\Projects\MFCPixel\MFCPixel\Debug\ViewPlane.obj
F:\documents\visual studio 2012\Projects\MFCPixel\MFCPixel\Debug\World.obj
F:\documents\visual studio 2012\Projects\MFCPixel\MFCPixel\Debug\cl.command.1.tlog
F:\documents\visual studio 2012\Projects\MFCPixel\MFCPixel\Debug\CL.read.1.tlog
F:\documents\visual studio 2012\Projects\MFCPixel\MFCPixel\Debug\CL.write.1.tlog
F:\documents\visual studio 2012\Projects\MFCPixel\MFCPixel\Debug\link-cvtres.read.1.tlog
F:\documents\visual studio 2012\Projects\MFCPixel\MFCPixel\Debug\link-cvtres.write.1.tlog
F:\documents\visual studio 2012\Projects\MFCPixel\MFCPixel\Debug\link-mt.read.1.tlog
F:\documents\visual studio 2012\Projects\MFCPixel\MFCPixel\Debug\link-mt.write.1.tlog
F:\documents\visual studio 2012\Projects\MFCPixel\MFCPixel\Debug\link-rc.read.1.tlog
F:\documents\visual studio 2012\Projects\MFCPixel\MFCPixel\Debug\link-rc.write.1.tlog
F:\documents\visual studio 2012\Projects\MFCPixel\MFCPixel\Debug\link.292-cvtres.read.1.tlog
F:\documents\visual studio 2012\Projects\MFCPixel\MFCPixel\Debug\link.292-cvtres.write.1.tlog
F:\documents\visual studio 2012\Projects\MFCPixel\MFCPixel\Debug\link.292-mt.read.1.tlog
F:\documents\visual studio 2012\Projects\MFCPixel\MFCPixel\Debug\link.292-mt.write.1.tlog
F:\documents\visual studio 2012\Projects\MFCPixel\MFCPixel\Debug\link.292-rc.read.1.tlog
F:\documents\visual studio 2012\Projects\MFCPixel\MFCPixel\Debug\link.292-rc.write.1.tlog
F:\documents\visual studio 2012\Projects\MFCPixel\MFCPixel\Debug\link.292.read.1.tlog
F:\documents\visual studio 2012\Projects\MFCPixel\MFCPixel\Debug\link.292.write.1.tlog
F:\documents\visual studio 2012\Projects\MFCPixel\MFCPixel\Debug\link.3924-cvtres.read.1.tlog
F:\documents\visual studio 2012\Projects\MFCPixel\MFCPixel\Debug\link.3924-cvtres.write.1.tlog
F:\documents\visual studio 2012\Projects\MFCPixel\MFCPixel\Debug\link.3924-mt.read.1.tlog
F:\documents\visual studio 2012\Projects\MFCPixel\MFCPixel\Debug\link.3924-mt.write.1.tlog
F:\documents\visual studio 2012\Projects\MFCPixel\MFCPixel\Debug\link.3924-rc.read.1.tlog
F:\documents\visual studio 2012\Projects\MFCPixel\MFCPixel\Debug\link.3924-rc.write.1.tlog
F:\documents\visual studio 2012\Projects\MFCPixel\MFCPixel\Debug\link.3924.read.1.tlog
F:\documents\visual studio 2012\Projects\MFCPixel\MFCPixel\Debug\link.3924.write.1.tlog
F:\documents\visual studio 2012\Projects\MFCPixel\MFCPixel\Debug\link.4348-cvtres.read.1.tlog
F:\documents\visual studio 2012\Projects\MFCPixel\MFCPixel\Debug\link.4348-cvtres.write.1.tlog
F:\documents\visual studio 2012\Projects\MFCPixel\MFCPixel\Debug\link.4348-mt.read.1.tlog
F:\documents\visual studio 2012\Projects\MFCPixel\MFCPixel\Debug\link.4348-mt.write.1.tlog
F:\documents\visual studio 2012\Projects\MFCPixel\MFCPixel\Debug\link.4348-rc.read.1.tlog
F:\documents\visual studio 2012\Projects\MFCPixel\MFCPixel\Debug\link.4348-rc.write.1.tlog
F:\documents\visual studio 2012\Projects\MFCPixel\MFCPixel\Debug\link.4348.read.1.tlog
F:\documents\visual studio 2012\Projects\MFCPixel\MFCPixel\Debug\link.4348.write.1.tlog
F:\documents\visual studio 2012\Projects\MFCPixel\MFCPixel\Debug\link.4476-cvtres.read.1.tlog
F:\documents\visual studio 2012\Projects\MFCPixel\MFCPixel\Debug\link.4476-cvtres.write.1.tlog
F:\documents\visual studio 2012\Projects\MFCPixel\MFCPixel\Debug\link.4476-mt.read.1.tlog
F:\documents\visual studio 2012\Projects\MFCPixel\MFCPixel\Debug\link.4476-mt.write.1.tlog
F:\documents\visual studio 2012\Projects\MFCPixel\MFCPixel\Debug\link.4476-rc.read.1.tlog
F:\documents\visual studio 2012\Projects\MFCPixel\MFCPixel\Debug\link.4476-rc.write.1.tlog
F:\documents\visual studio 2012\Projects\MFCPixel\MFCPixel\Debug\link.4476.read.1.tlog
F:\documents\visual studio 2012\Projects\MFCPixel\MFCPixel\Debug\link.4476.write.1.tlog
F:\documents\visual studio 2012\Projects\MFCPixel\MFCPixel\Debug\link.5076-cvtres.read.1.tlog
F:\documents\visual studio 2012\Projects\MFCPixel\MFCPixel\Debug\link.5076-cvtres.write.1.tlog
F:\documents\visual studio 2012\Projects\MFCPixel\MFCPixel\Debug\link.5076-mt.read.1.tlog
F:\documents\visual studio 2012\Projects\MFCPixel\MFCPixel\Debug\link.5076-mt.write.1.tlog
F:\documents\visual studio 2012\Projects\MFCPixel\MFCPixel\Debug\link.5076-rc.read.1.tlog
F:\documents\visual studio 2012\Projects\MFCPixel\MFCPixel\Debug\link.5076-rc.write.1.tlog
F:\documents\visual studio 2012\Projects\MFCPixel\MFCPixel\Debug\link.5076.read.1.tlog
F:\documents\visual studio 2012\Projects\MFCPixel\MFCPixel\Debug\link.5076.write.1.tlog
F:\documents\visual studio 2012\Projects\MFCPixel\MFCPixel\Debug\link.5956-cvtres.read.1.tlog
F:\documents\visual studio 2012\Projects\MFCPixel\MFCPixel\Debug\link.5956-cvtres.write.1.tlog
F:\documents\visual studio 2012\Projects\MFCPixel\MFCPixel\Debug\link.5956-mt.read.1.tlog
F:\documents\visual studio 2012\Projects\MFCPixel\MFCPixel\Debug\link.5956-mt.write.1.tlog
F:\documents\visual studio 2012\Projects\MFCPixel\MFCPixel\Debug\link.5956-rc.read.1.tlog
F:\documents\visual studio 2012\Projects\MFCPixel\MFCPixel\Debug\link.5956-rc.write.1.tlog
F:\documents\visual studio 2012\Projects\MFCPixel\MFCPixel\Debug\link.5956.read.1.tlog
F:\documents\visual studio 2012\Projects\MFCPixel\MFCPixel\Debug\link.5956.write.1.tlog
F:\documents\visual studio 2012\Projects\MFCPixel\MFCPixel\Debug\link.6472-cvtres.read.1.tlog
F:\documents\visual studio 2012\Projects\MFCPixel\MFCPixel\Debug\link.6472-cvtres.write.1.tlog
F:\documents\visual studio 2012\Projects\MFCPixel\MFCPixel\Debug\link.6472-mt.read.1.tlog
F:\documents\visual studio 2012\Projects\MFCPixel\MFCPixel\Debug\link.6472-mt.write.1.tlog
F:\documents\visual studio 2012\Projects\MFCPixel\MFCPixel\Debug\link.6472-rc.read.1.tlog
F:\documents\visual studio 2012\Projects\MFCPixel\MFCPixel\Debug\link.6472-rc.write.1.tlog
F:\documents\visual studio 2012\Projects\MFCPixel\MFCPixel\Debug\link.6472.read.1.tlog
F:\documents\visual studio 2012\Projects\MFCPixel\MFCPixel\Debug\link.6472.write.1.tlog
F:\documents\visual studio 2012\Projects\MFCPixel\MFCPixel\Debug\link.7008-cvtres.read.1.tlog
F:\documents\visual studio 2012\Projects\MFCPixel\MFCPixel\Debug\link.7008-cvtres.write.1.tlog
F:\documents\visual studio 2012\Projects\MFCPixel\MFCPixel\Debug\link.7008-mt.read.1.tlog
F:\documents\visual studio 2012\Projects\MFCPixel\MFCPixel\Debug\link.7008-mt.write.1.tlog
F:\documents\visual studio 2012\Projects\MFCPixel\MFCPixel\Debug\link.7008-rc.read.1.tlog
F:\documents\visual studio 2012\Projects\MFCPixel\MFCPixel\Debug\link.7008-rc.write.1.tlog
F:\documents\visual studio 2012\Projects\MFCPixel\MFCPixel\Debug\link.7008.read.1.tlog
F:\documents\visual studio 2012\Projects\MFCPixel\MFCPixel\Debug\link.7008.write.1.tlog
F:\documents\visual studio 2012\Projects\MFCPixel\MFCPixel\Debug\link.command.1.tlog
F:\documents\visual studio 2012\Projects\MFCPixel\MFCPixel\Debug\link.read.1.tlog
F:\documents\visual studio 2012\Projects\MFCPixel\MFCPixel\Debug\link.write.1.tlog
F:\documents\visual studio 2012\Projects\MFCPixel\MFCPixel\Debug\rc.command.1.tlog
F:\documents\visual studio 2012\Projects\MFCPixel\MFCPixel\Debug\rc.read.1.tlog
F:\documents\visual studio 2012\Projects\MFCPixel\MFCPixel\Debug\rc.write.1.tlog
F:\documents\visual studio 2012\Projects\MFCPixel\MFCPixel\Debug\MFCPixel.res
F:\documents\visual studio 2012\Projects\MFCPixel\MFCPixel\Debug\myraytracer.pch
F:\documents\visual studio 2012\Projects\MFCPixel\MFCPixel\Debug\vc110.idb
F:\documents\visual studio 2012\Projects\MFCPixel\MFCPixel\Debug\vc110.pdb
F:\documents\visual studio 2012\Projects\MFCPixel\Debug\myraytracer.pdb
F:\documents\visual studio 2012\Projects\MFCPixel\Debug\myraytracer.exe
F:\documents\visual studio 2012\Projects\MFCPixel\Debug\myraytracer.ilk
